<?xml version="1.0" encoding="UTF-8"?>
<!-- Generated by org.testng.reporters.JUnitReportReporter -->
<testsuite skipped="0" hostname="apples-MacBook-Pro.local" name="Tests.LandingPageTest" tests="1" failures="0" timestamp="14 Sep 2018 15:32:20 GMT" time="171.875" errors="0">
  <testcase name="launcherPage" time="171.875" classname="Tests.LandingPageTest"/>
</testsuite> <!-- Tests.LandingPageTest -->
